Analysis & Synthesis report for ii_address_calc
Sat Nov 28 16:17:31 2015
Quartus II 64-Bit Version 14.1.0 Build 186 12/03/2014 SJ Web Edition


---------------------
; Table of Contents ;
---------------------
  1. Legal Notice
  2. Analysis & Synthesis Summary
  3. Analysis & Synthesis Settings
  4. Parallel Compilation
  5. Analysis & Synthesis Source Files Read
  6. Analysis & Synthesis Resource Usage Summary
  7. Analysis & Synthesis Resource Utilization by Entity
  8. Analysis & Synthesis DSP Block Usage Summary
  9. Analysis & Synthesis IP Cores Summary
 10. General Register Statistics
 11. Parameter Settings for User Entity Instance: lpm_mult_unsign5bit_unsign9bit_to_unsign14bit:mult0|lpm_mult:lpm_mult_component
 12. Parameter Settings for User Entity Instance: lpm_add_unsign14bit_to_unsign14bit:add0|lpm_add_sub:LPM_ADD_SUB_component
 13. Parameter Settings for User Entity Instance: lpm_add_unsign17bit_to_unsign17bit:add1|lpm_add_sub:LPM_ADD_SUB_component
 14. lpm_mult Parameter Settings by Entity Instance
 15. Port Connectivity Checks: "lpm_add_unsign17bit_to_unsign17bit:add1"
 16. Port Connectivity Checks: "lpm_add_unsign14bit_to_unsign14bit:add0"
 17. Post-Synthesis Netlist Statistics for Top Partition
 18. Elapsed Time Per Partition
 19. Analysis & Synthesis Messages



----------------
; Legal Notice ;
----------------
Copyright (C) 1991-2014 Altera Corporation. All rights reserved.
Your use of Altera Corporation's design tools, logic functions 
and other software and tools, and its AMPP partner logic 
functions, and any output files from any of the foregoing 
(including device programming or simulation files), and any 
associated documentation or information are expressly subject 
to the terms and conditions of the Altera Program License 
Subscription Agreement, the Altera Quartus II License Agreement,
the Altera MegaCore Function License Agreement, or other 
applicable license agreement, including, without limitation, 
that your use is for the sole purpose of programming logic 
devices manufactured by Altera and sold by Altera or its 
authorized distributors.  Please refer to the applicable 
agreement for further details.



+---------------------------------------------------------------------------------+
; Analysis & Synthesis Summary                                                    ;
+------------------------------------+--------------------------------------------+
; Analysis & Synthesis Status        ; Successful - Sat Nov 28 16:17:31 2015      ;
; Quartus II 64-Bit Version          ; 14.1.0 Build 186 12/03/2014 SJ Web Edition ;
; Revision Name                      ; ii_address_calc                            ;
; Top-level Entity Name              ; ii_address_calc                            ;
; Family                             ; Cyclone IV E                               ;
; Total logic elements               ; 31                                         ;
;     Total combinational functions  ; 31                                         ;
;     Dedicated logic registers      ; 0                                          ;
; Total registers                    ; 0                                          ;
; Total pins                         ; 53                                         ;
; Total virtual pins                 ; 0                                          ;
; Total memory bits                  ; 0                                          ;
; Embedded Multiplier 9-bit elements ; 1                                          ;
; Total PLLs                         ; 0                                          ;
+------------------------------------+--------------------------------------------+


+----------------------------------------------------------------------------------------------------------------------+
; Analysis & Synthesis Settings                                                                                        ;
+----------------------------------------------------------------------------+--------------------+--------------------+
; Option                                                                     ; Setting            ; Default Value      ;
+----------------------------------------------------------------------------+--------------------+--------------------+
; Device                                                                     ; EP4CE115F29C7      ;                    ;
; Top-level entity name                                                      ; ii_address_calc    ; ii_address_calc    ;
; Family name                                                                ; Cyclone IV E       ; Cyclone IV GX      ;
; Use smart compilation                                                      ; Off                ; Off                ;
; Enable parallel Assembler and TimeQuest Timing Analyzer during compilation ; On                 ; On                 ;
; Enable compact report table                                                ; Off                ; Off                ;
; Restructure Multiplexers                                                   ; Auto               ; Auto               ;
; Create Debugging Nodes for IP Cores                                        ; Off                ; Off                ;
; Preserve fewer node names                                                  ; On                 ; On                 ;
; Disable OpenCore Plus hardware evaluation                                  ; Off                ; Off                ;
; Verilog Version                                                            ; Verilog_2001       ; Verilog_2001       ;
; VHDL Version                                                               ; VHDL_1993          ; VHDL_1993          ;
; State Machine Processing                                                   ; Auto               ; Auto               ;
; Safe State Machine                                                         ; Off                ; Off                ;
; Extract Verilog State Machines                                             ; On                 ; On                 ;
; Extract VHDL State Machines                                                ; On                 ; On                 ;
; Ignore Verilog initial constructs                                          ; Off                ; Off                ;
; Iteration limit for constant Verilog loops                                 ; 5000               ; 5000               ;
; Iteration limit for non-constant Verilog loops                             ; 250                ; 250                ;
; Add Pass-Through Logic to Inferred RAMs                                    ; On                 ; On                 ;
; Infer RAMs from Raw Logic                                                  ; On                 ; On                 ;
; Parallel Synthesis                                                         ; On                 ; On                 ;
; DSP Block Balancing                                                        ; Auto               ; Auto               ;
; NOT Gate Push-Back                                                         ; On                 ; On                 ;
; Power-Up Don't Care                                                        ; On                 ; On                 ;
; Remove Redundant Logic Cells                                               ; Off                ; Off                ;
; Remove Duplicate Registers                                                 ; On                 ; On                 ;
; Ignore CARRY Buffers                                                       ; Off                ; Off                ;
; Ignore CASCADE Buffers                                                     ; Off                ; Off                ;
; Ignore GLOBAL Buffers                                                      ; Off                ; Off                ;
; Ignore ROW GLOBAL Buffers                                                  ; Off                ; Off                ;
; Ignore LCELL Buffers                                                       ; Off                ; Off                ;
; Ignore SOFT Buffers                                                        ; On                 ; On                 ;
; Limit AHDL Integers to 32 Bits                                             ; Off                ; Off                ;
; Optimization Technique                                                     ; Balanced           ; Balanced           ;
; Carry Chain Length                                                         ; 70                 ; 70                 ;
; Auto Carry Chains                                                          ; On                 ; On                 ;
; Auto Open-Drain Pins                                                       ; On                 ; On                 ;
; Perform WYSIWYG Primitive Resynthesis                                      ; Off                ; Off                ;
; Auto ROM Replacement                                                       ; On                 ; On                 ;
; Auto RAM Replacement                                                       ; On                 ; On                 ;
; Auto DSP Block Replacement                                                 ; On                 ; On                 ;
; Auto Shift Register Replacement                                            ; Auto               ; Auto               ;
; Allow Shift Register Merging across Hierarchies                            ; Auto               ; Auto               ;
; Auto Clock Enable Replacement                                              ; On                 ; On                 ;
; Strict RAM Replacement                                                     ; Off                ; Off                ;
; Allow Synchronous Control Signals                                          ; On                 ; On                 ;
; Force Use of Synchronous Clear Signals                                     ; Off                ; Off                ;
; Auto RAM Block Balancing                                                   ; On                 ; On                 ;
; Auto RAM to Logic Cell Conversion                                          ; Off                ; Off                ;
; Auto Resource Sharing                                                      ; Off                ; Off                ;
; Allow Any RAM Size For Recognition                                         ; Off                ; Off                ;
; Allow Any ROM Size For Recognition                                         ; Off                ; Off                ;
; Allow Any Shift Register Size For Recognition                              ; Off                ; Off                ;
; Use LogicLock Constraints during Resource Balancing                        ; On                 ; On                 ;
; Ignore translate_off and synthesis_off directives                          ; Off                ; Off                ;
; Timing-Driven Synthesis                                                    ; On                 ; On                 ;
; Report Parameter Settings                                                  ; On                 ; On                 ;
; Report Source Assignments                                                  ; On                 ; On                 ;
; Report Connectivity Checks                                                 ; On                 ; On                 ;
; Ignore Maximum Fan-Out Assignments                                         ; Off                ; Off                ;
; Synchronization Register Chain Length                                      ; 2                  ; 2                  ;
; PowerPlay Power Optimization During Synthesis                              ; Normal compilation ; Normal compilation ;
; HDL message level                                                          ; Level2             ; Level2             ;
; Suppress Register Optimization Related Messages                            ; Off                ; Off                ;
; Number of Removed Registers Reported in Synthesis Report                   ; 5000               ; 5000               ;
; Number of Swept Nodes Reported in Synthesis Report                         ; 5000               ; 5000               ;
; Number of Inverted Registers Reported in Synthesis Report                  ; 100                ; 100                ;
; Clock MUX Protection                                                       ; On                 ; On                 ;
; Auto Gated Clock Conversion                                                ; Off                ; Off                ;
; Block Design Naming                                                        ; Auto               ; Auto               ;
; SDC constraint protection                                                  ; Off                ; Off                ;
; Synthesis Effort                                                           ; Auto               ; Auto               ;
; Shift Register Replacement - Allow Asynchronous Clear Signal               ; On                 ; On                 ;
; Pre-Mapping Resynthesis Optimization                                       ; Off                ; Off                ;
; Analysis & Synthesis Message Level                                         ; Medium             ; Medium             ;
; Disable Register Merging Across Hierarchies                                ; Auto               ; Auto               ;
; Resource Aware Inference For Block RAM                                     ; On                 ; On                 ;
; Synthesis Seed                                                             ; 1                  ; 1                  ;
+----------------------------------------------------------------------------+--------------------+--------------------+


Parallel compilation was disabled, but you have multiple processors available. Enable parallel compilation to reduce compilation time.
+-------------------------------------+
; Parallel Compilation                ;
+----------------------------+--------+
; Processors                 ; Number ;
+----------------------------+--------+
; Number detected on machine ; 8      ;
; Maximum allowed            ; 1      ;
+----------------------------+--------+


+-------------------------------------------------------------------------------------------------------------------------------------------------------------------------------------------------------------------------------------------------------------+
; Analysis & Synthesis Source Files Read                                                                                                                                                                                                                      ;
+---------------------------------------------------+-----------------+------------------------------+----------------------------------------------------------------------------------------------------------------------------------------------+---------+
; File Name with User-Entered Path                  ; Used in Netlist ; File Type                    ; File Name with Absolute Path                                                                                                                 ; Library ;
+---------------------------------------------------+-----------------+------------------------------+----------------------------------------------------------------------------------------------------------------------------------------------+---------+
; lpm_mult_unsign5bit_unsign9bit_to_unsign14bit.vhd ; yes             ; User Wizard-Generated File   ; C:/Users/Peter/Desktop/Senior_Design/97_altera_workspace/FaceDetectionFPGA/ii_address_calc/lpm_mult_unsign5bit_unsign9bit_to_unsign14bit.vhd ;         ;
; lpm_add_unsign14bit_to_unsign14bit.vhd            ; yes             ; User Wizard-Generated File   ; C:/Users/Peter/Desktop/Senior_Design/97_altera_workspace/FaceDetectionFPGA/ii_address_calc/lpm_add_unsign14bit_to_unsign14bit.vhd            ;         ;
; ii_address_calc.vhd                               ; yes             ; User VHDL File               ; C:/Users/Peter/Desktop/Senior_Design/97_altera_workspace/FaceDetectionFPGA/ii_address_calc/ii_address_calc.vhd                               ;         ;
; lpm_add_unsign17bit_to_unsign17bit.vhd            ; yes             ; User Wizard-Generated File   ; C:/Users/Peter/Desktop/Senior_Design/97_altera_workspace/FaceDetectionFPGA/ii_address_calc/lpm_add_unsign17bit_to_unsign17bit.vhd            ;         ;
; lpm_mult.tdf                                      ; yes             ; Megafunction                 ; c:/altera/14.1/quartus/libraries/megafunctions/lpm_mult.tdf                                                                                  ;         ;
; aglobal141.inc                                    ; yes             ; Megafunction                 ; c:/altera/14.1/quartus/libraries/megafunctions/aglobal141.inc                                                                                ;         ;
; lpm_add_sub.inc                                   ; yes             ; Megafunction                 ; c:/altera/14.1/quartus/libraries/megafunctions/lpm_add_sub.inc                                                                               ;         ;
; multcore.inc                                      ; yes             ; Megafunction                 ; c:/altera/14.1/quartus/libraries/megafunctions/multcore.inc                                                                                  ;         ;
; bypassff.inc                                      ; yes             ; Megafunction                 ; c:/altera/14.1/quartus/libraries/megafunctions/bypassff.inc                                                                                  ;         ;
; altshift.inc                                      ; yes             ; Megafunction                 ; c:/altera/14.1/quartus/libraries/megafunctions/altshift.inc                                                                                  ;         ;
; db/mult_ocn.tdf                                   ; yes             ; Auto-Generated Megafunction  ; C:/Users/Peter/Desktop/Senior_Design/97_altera_workspace/FaceDetectionFPGA/ii_address_calc/db/mult_ocn.tdf                                   ;         ;
; lpm_add_sub.tdf                                   ; yes             ; Megafunction                 ; c:/altera/14.1/quartus/libraries/megafunctions/lpm_add_sub.tdf                                                                               ;         ;
; addcore.inc                                       ; yes             ; Megafunction                 ; c:/altera/14.1/quartus/libraries/megafunctions/addcore.inc                                                                                   ;         ;
; look_add.inc                                      ; yes             ; Megafunction                 ; c:/altera/14.1/quartus/libraries/megafunctions/look_add.inc                                                                                  ;         ;
; alt_stratix_add_sub.inc                           ; yes             ; Megafunction                 ; c:/altera/14.1/quartus/libraries/megafunctions/alt_stratix_add_sub.inc                                                                       ;         ;
; db/add_sub_bqh.tdf                                ; yes             ; Auto-Generated Megafunction  ; C:/Users/Peter/Desktop/Senior_Design/97_altera_workspace/FaceDetectionFPGA/ii_address_calc/db/add_sub_bqh.tdf                                ;         ;
; db/add_sub_eqh.tdf                                ; yes             ; Auto-Generated Megafunction  ; C:/Users/Peter/Desktop/Senior_Design/97_altera_workspace/FaceDetectionFPGA/ii_address_calc/db/add_sub_eqh.tdf                                ;         ;
+---------------------------------------------------+-----------------+------------------------------+----------------------------------------------------------------------------------------------------------------------------------------------+---------+


+-----------------------------------------------------------------------------------------------------------------------------------------------------------------+
; Analysis & Synthesis Resource Usage Summary                                                                                                                     ;
+---------------------------------------------+-------------------------------------------------------------------------------------------------------------------+
; Resource                                    ; Usage                                                                                                             ;
+---------------------------------------------+-------------------------------------------------------------------------------------------------------------------+
; Estimated Total logic elements              ; 31                                                                                                                ;
;                                             ;                                                                                                                   ;
; Total combinational functions               ; 31                                                                                                                ;
; Logic element usage by number of LUT inputs ;                                                                                                                   ;
;     -- 4 input functions                    ; 0                                                                                                                 ;
;     -- 3 input functions                    ; 19                                                                                                                ;
;     -- <=2 input functions                  ; 12                                                                                                                ;
;                                             ;                                                                                                                   ;
; Logic elements by mode                      ;                                                                                                                   ;
;     -- normal mode                          ; 2                                                                                                                 ;
;     -- arithmetic mode                      ; 29                                                                                                                ;
;                                             ;                                                                                                                   ;
; Total registers                             ; 0                                                                                                                 ;
;     -- Dedicated logic registers            ; 0                                                                                                                 ;
;     -- I/O registers                        ; 0                                                                                                                 ;
;                                             ;                                                                                                                   ;
; I/O pins                                    ; 53                                                                                                                ;
;                                             ;                                                                                                                   ;
; Embedded Multiplier 9-bit elements          ; 1                                                                                                                 ;
;                                             ;                                                                                                                   ;
; Maximum fan-out node                        ; lpm_mult_unsign5bit_unsign9bit_to_unsign14bit:mult0|lpm_mult:lpm_mult_component|mult_ocn:auto_generated|result[0] ;
; Maximum fan-out                             ; 14                                                                                                                ;
; Total fan-out                               ; 164                                                                                                               ;
; Average fan-out                             ; 1.18                                                                                                              ;
+---------------------------------------------+-------------------------------------------------------------------------------------------------------------------+


+----------------------------------------------------------------------------------------------------------------------------------------------------------------------------------------------------------------------------------------------------------------------------------------------------------------+
; Analysis & Synthesis Resource Utilization by Entity                                                                                                                                                                                                                                                            ;
+----------------------------------------------------------+-------------------+--------------+-------------+--------------+---------+-----------+------+--------------+--------------------------------------------------------------------------------------------------------------------------+--------------+
; Compilation Hierarchy Node                               ; LC Combinationals ; LC Registers ; Memory Bits ; DSP Elements ; DSP 9x9 ; DSP 18x18 ; Pins ; Virtual Pins ; Full Hierarchy Name                                                                                                      ; Library Name ;
+----------------------------------------------------------+-------------------+--------------+-------------+--------------+---------+-----------+------+--------------+--------------------------------------------------------------------------------------------------------------------------+--------------+
; |ii_address_calc                                         ; 31 (0)            ; 0 (0)        ; 0           ; 1            ; 1       ; 0         ; 53   ; 0            ; |ii_address_calc                                                                                                         ; work         ;
;    |lpm_add_unsign14bit_to_unsign14bit:add0|             ; 14 (0)            ; 0 (0)        ; 0           ; 0            ; 0       ; 0         ; 0    ; 0            ; |ii_address_calc|lpm_add_unsign14bit_to_unsign14bit:add0                                                                 ; work         ;
;       |lpm_add_sub:LPM_ADD_SUB_component|                ; 14 (0)            ; 0 (0)        ; 0           ; 0            ; 0       ; 0         ; 0    ; 0            ; |ii_address_calc|lpm_add_unsign14bit_to_unsign14bit:add0|lpm_add_sub:LPM_ADD_SUB_component                               ; work         ;
;          |add_sub_bqh:auto_generated|                    ; 14 (14)           ; 0 (0)        ; 0           ; 0            ; 0       ; 0         ; 0    ; 0            ; |ii_address_calc|lpm_add_unsign14bit_to_unsign14bit:add0|lpm_add_sub:LPM_ADD_SUB_component|add_sub_bqh:auto_generated    ; work         ;
;    |lpm_add_unsign17bit_to_unsign17bit:add1|             ; 17 (0)            ; 0 (0)        ; 0           ; 0            ; 0       ; 0         ; 0    ; 0            ; |ii_address_calc|lpm_add_unsign17bit_to_unsign17bit:add1                                                                 ; work         ;
;       |lpm_add_sub:LPM_ADD_SUB_component|                ; 17 (0)            ; 0 (0)        ; 0           ; 0            ; 0       ; 0         ; 0    ; 0            ; |ii_address_calc|lpm_add_unsign17bit_to_unsign17bit:add1|lpm_add_sub:LPM_ADD_SUB_component                               ; work         ;
;          |add_sub_eqh:auto_generated|                    ; 17 (17)           ; 0 (0)        ; 0           ; 0            ; 0       ; 0         ; 0    ; 0            ; |ii_address_calc|lpm_add_unsign17bit_to_unsign17bit:add1|lpm_add_sub:LPM_ADD_SUB_component|add_sub_eqh:auto_generated    ; work         ;
;    |lpm_mult_unsign5bit_unsign9bit_to_unsign14bit:mult0| ; 0 (0)             ; 0 (0)        ; 0           ; 1            ; 1       ; 0         ; 0    ; 0            ; |ii_address_calc|lpm_mult_unsign5bit_unsign9bit_to_unsign14bit:mult0                                                     ; work         ;
;       |lpm_mult:lpm_mult_component|                      ; 0 (0)             ; 0 (0)        ; 0           ; 1            ; 1       ; 0         ; 0    ; 0            ; |ii_address_calc|lpm_mult_unsign5bit_unsign9bit_to_unsign14bit:mult0|lpm_mult:lpm_mult_component                         ; work         ;
;          |mult_ocn:auto_generated|                       ; 0 (0)             ; 0 (0)        ; 0           ; 1            ; 1       ; 0         ; 0    ; 0            ; |ii_address_calc|lpm_mult_unsign5bit_unsign9bit_to_unsign14bit:mult0|lpm_mult:lpm_mult_component|mult_ocn:auto_generated ; work         ;
+----------------------------------------------------------+-------------------+--------------+-------------+--------------+---------+-----------+------+--------------+--------------------------------------------------------------------------------------------------------------------------+--------------+
Note: For table entries with two numbers listed, the numbers in parentheses indicate the number of resources of the given type used by the specific entity alone. The numbers listed outside of parentheses indicate the total resources of the given type used by the specific entity and all of its sub-entities in the hierarchy.


+-----------------------------------------------------+
; Analysis & Synthesis DSP Block Usage Summary        ;
+---------------------------------------+-------------+
; Statistic                             ; Number Used ;
+---------------------------------------+-------------+
; Simple Multipliers (9-bit)            ; 1           ;
; Simple Multipliers (18-bit)           ; 0           ;
; Embedded Multiplier Blocks            ; --          ;
; Embedded Multiplier 9-bit elements    ; 1           ;
; Signed Embedded Multipliers           ; 0           ;
; Unsigned Embedded Multipliers         ; 1           ;
; Mixed Sign Embedded Multipliers       ; 0           ;
; Variable Sign Embedded Multipliers    ; 0           ;
; Dedicated Input Shift Register Chains ; 0           ;
+---------------------------------------+-------------+
Note: number of Embedded Multiplier Blocks used is only available after a successful fit.


+------------------------------------------------------------------------------------------------------------------------------------------------------------------------------------------+
; Analysis & Synthesis IP Cores Summary                                                                                                                                                    ;
+--------+--------------+---------+--------------+--------------+----------------------------------------------------------------------+---------------------------------------------------+
; Vendor ; IP Core Name ; Version ; Release Date ; License Type ; Entity Instance                                                      ; IP Include File                                   ;
+--------+--------------+---------+--------------+--------------+----------------------------------------------------------------------+---------------------------------------------------+
; Altera ; LPM_ADD_SUB  ; 14.1    ; N/A          ; N/A          ; |ii_address_calc|lpm_add_unsign14bit_to_unsign14bit:add0             ; lpm_add_unsign14bit_to_unsign14bit.vhd            ;
; Altera ; LPM_ADD_SUB  ; 14.1    ; N/A          ; N/A          ; |ii_address_calc|lpm_add_unsign17bit_to_unsign17bit:add1             ; lpm_add_unsign17bit_to_unsign17bit.vhd            ;
; Altera ; LPM_MULT     ; 14.1    ; N/A          ; N/A          ; |ii_address_calc|lpm_mult_unsign5bit_unsign9bit_to_unsign14bit:mult0 ; lpm_mult_unsign5bit_unsign9bit_to_unsign14bit.vhd ;
+--------+--------------+---------+--------------+--------------+----------------------------------------------------------------------+---------------------------------------------------+


+------------------------------------------------------+
; General Register Statistics                          ;
+----------------------------------------------+-------+
; Statistic                                    ; Value ;
+----------------------------------------------+-------+
; Total registers                              ; 0     ;
; Number of registers using Synchronous Clear  ; 0     ;
; Number of registers using Synchronous Load   ; 0     ;
; Number of registers using Asynchronous Clear ; 0     ;
; Number of registers using Asynchronous Load  ; 0     ;
; Number of registers using Clock Enable       ; 0     ;
; Number of registers using Preset             ; 0     ;
+----------------------------------------------+-------+


+------------------------------------------------------------------------------------------------------------------------------+
; Parameter Settings for User Entity Instance: lpm_mult_unsign5bit_unsign9bit_to_unsign14bit:mult0|lpm_mult:lpm_mult_component ;
+------------------------------------------------+--------------+--------------------------------------------------------------+
; Parameter Name                                 ; Value        ; Type                                                         ;
+------------------------------------------------+--------------+--------------------------------------------------------------+
; AUTO_CARRY_CHAINS                              ; ON           ; AUTO_CARRY                                                   ;
; IGNORE_CARRY_BUFFERS                           ; OFF          ; IGNORE_CARRY                                                 ;
; AUTO_CASCADE_CHAINS                            ; ON           ; AUTO_CASCADE                                                 ;
; IGNORE_CASCADE_BUFFERS                         ; OFF          ; IGNORE_CASCADE                                               ;
; LPM_WIDTHA                                     ; 5            ; Signed Integer                                               ;
; LPM_WIDTHB                                     ; 9            ; Signed Integer                                               ;
; LPM_WIDTHP                                     ; 14           ; Signed Integer                                               ;
; LPM_WIDTHR                                     ; 0            ; Untyped                                                      ;
; LPM_WIDTHS                                     ; 1            ; Untyped                                                      ;
; LPM_REPRESENTATION                             ; UNSIGNED     ; Untyped                                                      ;
; LPM_PIPELINE                                   ; 0            ; Untyped                                                      ;
; LATENCY                                        ; 0            ; Untyped                                                      ;
; INPUT_A_IS_CONSTANT                            ; NO           ; Untyped                                                      ;
; INPUT_B_IS_CONSTANT                            ; NO           ; Untyped                                                      ;
; USE_EAB                                        ; OFF          ; Untyped                                                      ;
; MAXIMIZE_SPEED                                 ; 5            ; Untyped                                                      ;
; DEVICE_FAMILY                                  ; Cyclone IV E ; Untyped                                                      ;
; CARRY_CHAIN                                    ; MANUAL       ; Untyped                                                      ;
; APEX20K_TECHNOLOGY_MAPPER                      ; LUT          ; TECH_MAPPER_APEX20K                                          ;
; DEDICATED_MULTIPLIER_CIRCUITRY                 ; AUTO         ; Untyped                                                      ;
; DEDICATED_MULTIPLIER_MIN_INPUT_WIDTH_FOR_AUTO  ; 0            ; Untyped                                                      ;
; DEDICATED_MULTIPLIER_MIN_OUTPUT_WIDTH_FOR_AUTO ; 0            ; Untyped                                                      ;
; CBXI_PARAMETER                                 ; mult_ocn     ; Untyped                                                      ;
; INPUT_A_FIXED_VALUE                            ; Bx           ; Untyped                                                      ;
; INPUT_B_FIXED_VALUE                            ; Bx           ; Untyped                                                      ;
; USE_AHDL_IMPLEMENTATION                        ; OFF          ; Untyped                                                      ;
+------------------------------------------------+--------------+--------------------------------------------------------------+
Note: In order to hide this table in the UI and the text report file, please set the "Show Parameter Settings in Synthesis Report" option in "Analysis and Synthesis Settings -> More Settings" to "Off".


+------------------------------------------------------------------------------------------------------------------------+
; Parameter Settings for User Entity Instance: lpm_add_unsign14bit_to_unsign14bit:add0|lpm_add_sub:LPM_ADD_SUB_component ;
+------------------------+--------------+--------------------------------------------------------------------------------+
; Parameter Name         ; Value        ; Type                                                                           ;
+------------------------+--------------+--------------------------------------------------------------------------------+
; LPM_WIDTH              ; 14           ; Signed Integer                                                                 ;
; LPM_REPRESENTATION     ; UNSIGNED     ; Untyped                                                                        ;
; LPM_DIRECTION          ; ADD          ; Untyped                                                                        ;
; ONE_INPUT_IS_CONSTANT  ; NO           ; Untyped                                                                        ;
; LPM_PIPELINE           ; 0            ; Untyped                                                                        ;
; MAXIMIZE_SPEED         ; 5            ; Untyped                                                                        ;
; REGISTERED_AT_END      ; 0            ; Untyped                                                                        ;
; OPTIMIZE_FOR_SPEED     ; 5            ; Untyped                                                                        ;
; USE_CS_BUFFERS         ; 1            ; Untyped                                                                        ;
; CARRY_CHAIN            ; MANUAL       ; Untyped                                                                        ;
; CARRY_CHAIN_LENGTH     ; 48           ; CARRY_CHAIN_LENGTH                                                             ;
; DEVICE_FAMILY          ; Cyclone IV E ; Untyped                                                                        ;
; USE_WYS                ; OFF          ; Untyped                                                                        ;
; STYLE                  ; FAST         ; Untyped                                                                        ;
; CBXI_PARAMETER         ; add_sub_bqh  ; Untyped                                                                        ;
; AUTO_CARRY_CHAINS      ; ON           ; AUTO_CARRY                                                                     ;
; IGNORE_CARRY_BUFFERS   ; OFF          ; IGNORE_CARRY                                                                   ;
; AUTO_CASCADE_CHAINS    ; ON           ; AUTO_CASCADE                                                                   ;
; IGNORE_CASCADE_BUFFERS ; OFF          ; IGNORE_CASCADE                                                                 ;
+------------------------+--------------+--------------------------------------------------------------------------------+
Note: In order to hide this table in the UI and the text report file, please set the "Show Parameter Settings in Synthesis Report" option in "Analysis and Synthesis Settings -> More Settings" to "Off".


+------------------------------------------------------------------------------------------------------------------------+
; Parameter Settings for User Entity Instance: lpm_add_unsign17bit_to_unsign17bit:add1|lpm_add_sub:LPM_ADD_SUB_component ;
+------------------------+--------------+--------------------------------------------------------------------------------+
; Parameter Name         ; Value        ; Type                                                                           ;
+------------------------+--------------+--------------------------------------------------------------------------------+
; LPM_WIDTH              ; 17           ; Signed Integer                                                                 ;
; LPM_REPRESENTATION     ; UNSIGNED     ; Untyped                                                                        ;
; LPM_DIRECTION          ; ADD          ; Untyped                                                                        ;
; ONE_INPUT_IS_CONSTANT  ; NO           ; Untyped                                                                        ;
; LPM_PIPELINE           ; 0            ; Untyped                                                                        ;
; MAXIMIZE_SPEED         ; 5            ; Untyped                                                                        ;
; REGISTERED_AT_END      ; 0            ; Untyped                                                                        ;
; OPTIMIZE_FOR_SPEED     ; 5            ; Untyped                                                                        ;
; USE_CS_BUFFERS         ; 1            ; Untyped                                                                        ;
; CARRY_CHAIN            ; MANUAL       ; Untyped                                                                        ;
; CARRY_CHAIN_LENGTH     ; 48           ; CARRY_CHAIN_LENGTH                                                             ;
; DEVICE_FAMILY          ; Cyclone IV E ; Untyped                                                                        ;
; USE_WYS                ; OFF          ; Untyped                                                                        ;
; STYLE                  ; FAST         ; Untyped                                                                        ;
; CBXI_PARAMETER         ; add_sub_eqh  ; Untyped                                                                        ;
; AUTO_CARRY_CHAINS      ; ON           ; AUTO_CARRY                                                                     ;
; IGNORE_CARRY_BUFFERS   ; OFF          ; IGNORE_CARRY                                                                   ;
; AUTO_CASCADE_CHAINS    ; ON           ; AUTO_CASCADE                                                                   ;
; IGNORE_CASCADE_BUFFERS ; OFF          ; IGNORE_CASCADE                                                                 ;
+------------------------+--------------+--------------------------------------------------------------------------------+
Note: In order to hide this table in the UI and the text report file, please set the "Show Parameter Settings in Synthesis Report" option in "Analysis and Synthesis Settings -> More Settings" to "Off".


+-------------------------------------------------------------------------------------------------------------------------+
; lpm_mult Parameter Settings by Entity Instance                                                                          ;
+---------------------------------------+---------------------------------------------------------------------------------+
; Name                                  ; Value                                                                           ;
+---------------------------------------+---------------------------------------------------------------------------------+
; Number of entity instances            ; 1                                                                               ;
; Entity Instance                       ; lpm_mult_unsign5bit_unsign9bit_to_unsign14bit:mult0|lpm_mult:lpm_mult_component ;
;     -- LPM_WIDTHA                     ; 5                                                                               ;
;     -- LPM_WIDTHB                     ; 9                                                                               ;
;     -- LPM_WIDTHP                     ; 14                                                                              ;
;     -- LPM_REPRESENTATION             ; UNSIGNED                                                                        ;
;     -- INPUT_A_IS_CONSTANT            ; NO                                                                              ;
;     -- INPUT_B_IS_CONSTANT            ; NO                                                                              ;
;     -- USE_EAB                        ; OFF                                                                             ;
;     -- DEDICATED_MULTIPLIER_CIRCUITRY ; AUTO                                                                            ;
;     -- INPUT_A_FIXED_VALUE            ; Bx                                                                              ;
;     -- INPUT_B_FIXED_VALUE            ; Bx                                                                              ;
+---------------------------------------+---------------------------------------------------------------------------------+


+---------------------------------------------------------------------+
; Port Connectivity Checks: "lpm_add_unsign17bit_to_unsign17bit:add1" ;
+---------------+-------+----------+----------------------------------+
; Port          ; Type  ; Severity ; Details                          ;
+---------------+-------+----------+----------------------------------+
; dataa[16..14] ; Input ; Info     ; Stuck at GND                     ;
+---------------+-------+----------+----------------------------------+


+---------------------------------------------------------------------+
; Port Connectivity Checks: "lpm_add_unsign14bit_to_unsign14bit:add0" ;
+--------------+-------+----------+-----------------------------------+
; Port         ; Type  ; Severity ; Details                           ;
+--------------+-------+----------+-----------------------------------+
; datab[13..5] ; Input ; Info     ; Stuck at GND                      ;
+--------------+-------+----------+-----------------------------------+


+-----------------------------------------------------+
; Post-Synthesis Netlist Statistics for Top Partition ;
+-----------------------+-----------------------------+
; Type                  ; Count                       ;
+-----------------------+-----------------------------+
; boundary_port         ; 53                          ;
; cycloneiii_lcell_comb ; 31                          ;
;     arith             ; 29                          ;
;         2 data inputs ; 10                          ;
;         3 data inputs ; 19                          ;
;     normal            ; 2                           ;
;         1 data inputs ; 2                           ;
; cycloneiii_mac_mult   ; 1                           ;
; cycloneiii_mac_out    ; 1                           ;
;                       ;                             ;
; Max LUT depth         ; 3.60                        ;
; Average LUT depth     ; 2.35                        ;
+-----------------------+-----------------------------+


+-------------------------------+
; Elapsed Time Per Partition    ;
+----------------+--------------+
; Partition Name ; Elapsed Time ;
+----------------+--------------+
; Top            ; 00:00:00     ;
+----------------+--------------+


+-------------------------------+
; Analysis & Synthesis Messages ;
+-------------------------------+
Info: *******************************************************************
Info: Running Quartus II 64-Bit Analysis & Synthesis
    Info: Version 14.1.0 Build 186 12/03/2014 SJ Web Edition
    Info: Processing started: Sat Nov 28 16:17:16 2015
Info: Command: quartus_map --read_settings_files=on --write_settings_files=off ii_address_calc -c ii_address_calc
Warning (20028): Parallel compilation is not licensed and has been disabled
Info (12021): Found 2 design units, including 1 entities, in source file lpm_mult_unsign5bit_unsign9bit_to_unsign14bit.vhd
    Info (12022): Found design unit 1: lpm_mult_unsign5bit_unsign9bit_to_unsign14bit-SYN
    Info (12023): Found entity 1: lpm_mult_unsign5bit_unsign9bit_to_unsign14bit
Info (12021): Found 2 design units, including 1 entities, in source file lpm_add_unsign14bit_to_unsign14bit.vhd
    Info (12022): Found design unit 1: lpm_add_unsign14bit_to_unsign14bit-SYN
    Info (12023): Found entity 1: lpm_add_unsign14bit_to_unsign14bit
Info (12021): Found 2 design units, including 1 entities, in source file ii_address_calc.vhd
    Info (12022): Found design unit 1: ii_address_calc-behavior
    Info (12023): Found entity 1: ii_address_calc
Info (12021): Found 2 design units, including 1 entities, in source file lpm_add_unsign17bit_to_unsign17bit.vhd
    Info (12022): Found design unit 1: lpm_add_unsign17bit_to_unsign17bit-SYN
    Info (12023): Found entity 1: lpm_add_unsign17bit_to_unsign17bit
Info (12021): Found 2 design units, including 1 entities, in source file tb_ii_address_calc.vhd
    Info (12022): Found design unit 1: tb_ii_address_calc-behavior
    Info (12023): Found entity 1: tb_ii_address_calc
Info (12127): Elaborating entity "ii_address_calc" for the top level hierarchy
Info (12128): Elaborating entity "lpm_mult_unsign5bit_unsign9bit_to_unsign14bit" for hierarchy "lpm_mult_unsign5bit_unsign9bit_to_unsign14bit:mult0"
Info (12128): Elaborating entity "lpm_mult" for hierarchy "lpm_mult_unsign5bit_unsign9bit_to_unsign14bit:mult0|lpm_mult:lpm_mult_component"
Info (12130): Elaborated megafunction instantiation "lpm_mult_unsign5bit_unsign9bit_to_unsign14bit:mult0|lpm_mult:lpm_mult_component"
Info (12133): Instantiated megafunction "lpm_mult_unsign5bit_unsign9bit_to_unsign14bit:mult0|lpm_mult:lpm_mult_component" with the following parameter:
    Info (12134): Parameter "lpm_hint" = "MAXIMIZE_SPEED=5"
    Info (12134): Parameter "lpm_representation" = "UNSIGNED"
    Info (12134): Parameter "lpm_type" = "LPM_MULT"
    Info (12134): Parameter "lpm_widtha" = "5"
    Info (12134): Parameter "lpm_widthb" = "9"
    Info (12134): Parameter "lpm_widthp" = "14"
Info (12021): Found 1 design units, including 1 entities, in source file db/mult_ocn.tdf
    Info (12023): Found entity 1: mult_ocn
Info (12128): Elaborating entity "mult_ocn" for hierarchy "lpm_mult_unsign5bit_unsign9bit_to_unsign14bit:mult0|lpm_mult:lpm_mult_component|mult_ocn:auto_generated"
Info (12128): Elaborating entity "lpm_add_unsign14bit_to_unsign14bit" for hierarchy "lpm_add_unsign14bit_to_unsign14bit:add0"
Info (12128): Elaborating entity "lpm_add_sub" for hierarchy "lpm_add_unsign14bit_to_unsign14bit:add0|lpm_add_sub:LPM_ADD_SUB_component"
Info (12130): Elaborated megafunction instantiation "lpm_add_unsign14bit_to_unsign14bit:add0|lpm_add_sub:LPM_ADD_SUB_component"
Info (12133): Instantiated megafunction "lpm_add_unsign14bit_to_unsign14bit:add0|lpm_add_sub:LPM_ADD_SUB_component" with the following parameter:
    Info (12134): Parameter "lpm_direction" = "ADD"
    Info (12134): Parameter "lpm_hint" = "ONE_INPUT_IS_CONSTANT=NO,CIN_USED=NO"
    Info (12134): Parameter "lpm_representation" = "UNSIGNED"
    Info (12134): Parameter "lpm_type" = "LPM_ADD_SUB"
    Info (12134): Parameter "lpm_width" = "14"
Info (12021): Found 1 design units, including 1 entities, in source file db/add_sub_bqh.tdf
    Info (12023): Found entity 1: add_sub_bqh
Info (12128): Elaborating entity "add_sub_bqh" for hierarchy "lpm_add_unsign14bit_to_unsign14bit:add0|lpm_add_sub:LPM_ADD_SUB_component|add_sub_bqh:auto_generated"
Info (12128): Elaborating entity "lpm_add_unsign17bit_to_unsign17bit" for hierarchy "lpm_add_unsign17bit_to_unsign17bit:add1"
Info (12128): Elaborating entity "lpm_add_sub" for hierarchy "lpm_add_unsign17bit_to_unsign17bit:add1|lpm_add_sub:LPM_ADD_SUB_component"
Info (12130): Elaborated megafunction instantiation "lpm_add_unsign17bit_to_unsign17bit:add1|lpm_add_sub:LPM_ADD_SUB_component"
Info (12133): Instantiated megafunction "lpm_add_unsign17bit_to_unsign17bit:add1|lpm_add_sub:LPM_ADD_SUB_component" with the following parameter:
    Info (12134): Parameter "lpm_direction" = "ADD"
    Info (12134): Parameter "lpm_hint" = "ONE_INPUT_IS_CONSTANT=NO,CIN_USED=NO"
    Info (12134): Parameter "lpm_representation" = "UNSIGNED"
    Info (12134): Parameter "lpm_type" = "LPM_ADD_SUB"
    Info (12134): Parameter "lpm_width" = "17"
Info (12021): Found 1 design units, including 1 entities, in source file db/add_sub_eqh.tdf
    Info (12023): Found entity 1: add_sub_eqh
Info (12128): Elaborating entity "add_sub_eqh" for hierarchy "lpm_add_unsign17bit_to_unsign17bit:add1|lpm_add_sub:LPM_ADD_SUB_component|add_sub_eqh:auto_generated"
Info (16010): Generating hard_block partition "hard_block:auto_generated_inst"
    Info (16011): Adding 0 node(s), including 0 DDIO, 0 PLL, 0 transceiver and 0 LCELL
Info (21057): Implemented 85 device resources after synthesis - the final resource count might be different
    Info (21058): Implemented 36 input pins
    Info (21059): Implemented 17 output pins
    Info (21061): Implemented 31 logic cells
    Info (21062): Implemented 1 DSP elements
Info: Quartus II 64-Bit Analysis & Synthesis was successful. 0 errors, 1 warning
    Info: Peak virtual memory: 659 megabytes
    Info: Processing ended: Sat Nov 28 16:17:31 2015
    Info: Elapsed time: 00:00:15
    Info: Total CPU time (on all processors): 00:00:34


