Analysis & Synthesis report for top_ram
Sat Nov 28 16:35:50 2015
Quartus II 64-Bit Version 14.1.0 Build 186 12/03/2014 SJ Web Edition


---------------------
; Table of Contents ;
---------------------
  1. Legal Notice
  2. Analysis & Synthesis Summary
  3. Analysis & Synthesis Settings
  4. Parallel Compilation
  5. Analysis & Synthesis Source Files Read
  6. Analysis & Synthesis Resource Usage Summary
  7. Analysis & Synthesis Resource Utilization by Entity
  8. Analysis & Synthesis RAM Summary
  9. General Register Statistics
 10. Registers Packed Into Inferred Megafunctions
 11. Source assignments for altsyncram:ram_block_rtl_0|altsyncram_nii1:auto_generated
 12. Parameter Settings for User Entity Instance: Top-level Entity: |top_ram
 13. Parameter Settings for Inferred Entity Instance: altsyncram:ram_block_rtl_0
 14. altsyncram Parameter Settings by Entity Instance
 15. Post-Synthesis Netlist Statistics for Top Partition
 16. Elapsed Time Per Partition
 17. Analysis & Synthesis Messages



----------------
; Legal Notice ;
----------------
Copyright (C) 1991-2014 Altera Corporation. All rights reserved.
Your use of Altera Corporation's design tools, logic functions 
and other software and tools, and its AMPP partner logic 
functions, and any output files from any of the foregoing 
(including device programming or simulation files), and any 
associated documentation or information are expressly subject 
to the terms and conditions of the Altera Program License 
Subscription Agreement, the Altera Quartus II License Agreement,
the Altera MegaCore Function License Agreement, or other 
applicable license agreement, including, without limitation, 
that your use is for the sole purpose of programming logic 
devices manufactured by Altera and sold by Altera or its 
authorized distributors.  Please refer to the applicable 
agreement for further details.



+---------------------------------------------------------------------------------+
; Analysis & Synthesis Summary                                                    ;
+------------------------------------+--------------------------------------------+
; Analysis & Synthesis Status        ; Successful - Sat Nov 28 16:35:50 2015      ;
; Quartus II 64-Bit Version          ; 14.1.0 Build 186 12/03/2014 SJ Web Edition ;
; Revision Name                      ; top_ram                                    ;
; Top-level Entity Name              ; top_ram                                    ;
; Family                             ; Cyclone IV E                               ;
; Total logic elements               ; 0                                          ;
;     Total combinational functions  ; 0                                          ;
;     Dedicated logic registers      ; 0                                          ;
; Total registers                    ; 0                                          ;
; Total pins                         ; 60                                         ;
; Total virtual pins                 ; 0                                          ;
; Total memory bits                  ; 10,368                                     ;
; Embedded Multiplier 9-bit elements ; 0                                          ;
; Total PLLs                         ; 0                                          ;
+------------------------------------+--------------------------------------------+


+----------------------------------------------------------------------------------------------------------------------+
; Analysis & Synthesis Settings                                                                                        ;
+----------------------------------------------------------------------------+--------------------+--------------------+
; Option                                                                     ; Setting            ; Default Value      ;
+----------------------------------------------------------------------------+--------------------+--------------------+
; Device                                                                     ; EP4CE115F29C7      ;                    ;
; Top-level entity name                                                      ; top_ram            ; top_ram            ;
; Family name                                                                ; Cyclone IV E       ; Cyclone IV GX      ;
; Use smart compilation                                                      ; Off                ; Off                ;
; Enable parallel Assembler and TimeQuest Timing Analyzer during compilation ; On                 ; On                 ;
; Enable compact report table                                                ; Off                ; Off                ;
; Restructure Multiplexers                                                   ; Auto               ; Auto               ;
; Create Debugging Nodes for IP Cores                                        ; Off                ; Off                ;
; Preserve fewer node names                                                  ; On                 ; On                 ;
; Disable OpenCore Plus hardware evaluation                                  ; Off                ; Off                ;
; Verilog Version                                                            ; Verilog_2001       ; Verilog_2001       ;
; VHDL Version                                                               ; VHDL_1993          ; VHDL_1993          ;
; State Machine Processing                                                   ; Auto               ; Auto               ;
; Safe State Machine                                                         ; Off                ; Off                ;
; Extract Verilog State Machines                                             ; On                 ; On                 ;
; Extract VHDL State Machines                                                ; On                 ; On                 ;
; Ignore Verilog initial constructs                                          ; Off                ; Off                ;
; Iteration limit for constant Verilog loops                                 ; 5000               ; 5000               ;
; Iteration limit for non-constant Verilog loops                             ; 250                ; 250                ;
; Add Pass-Through Logic to Inferred RAMs                                    ; On                 ; On                 ;
; Infer RAMs from Raw Logic                                                  ; On                 ; On                 ;
; Parallel Synthesis                                                         ; On                 ; On                 ;
; DSP Block Balancing                                                        ; Auto               ; Auto               ;
; NOT Gate Push-Back                                                         ; On                 ; On                 ;
; Power-Up Don't Care                                                        ; On                 ; On                 ;
; Remove Redundant Logic Cells                                               ; Off                ; Off                ;
; Remove Duplicate Registers                                                 ; On                 ; On                 ;
; Ignore CARRY Buffers                                                       ; Off                ; Off                ;
; Ignore CASCADE Buffers                                                     ; Off                ; Off                ;
; Ignore GLOBAL Buffers                                                      ; Off                ; Off                ;
; Ignore ROW GLOBAL Buffers                                                  ; Off                ; Off                ;
; Ignore LCELL Buffers                                                       ; Off                ; Off                ;
; Ignore SOFT Buffers                                                        ; On                 ; On                 ;
; Limit AHDL Integers to 32 Bits                                             ; Off                ; Off                ;
; Optimization Technique                                                     ; Balanced           ; Balanced           ;
; Carry Chain Length                                                         ; 70                 ; 70                 ;
; Auto Carry Chains                                                          ; On                 ; On                 ;
; Auto Open-Drain Pins                                                       ; On                 ; On                 ;
; Perform WYSIWYG Primitive Resynthesis                                      ; Off                ; Off                ;
; Auto ROM Replacement                                                       ; On                 ; On                 ;
; Auto RAM Replacement                                                       ; On                 ; On                 ;
; Auto DSP Block Replacement                                                 ; On                 ; On                 ;
; Auto Shift Register Replacement                                            ; Auto               ; Auto               ;
; Allow Shift Register Merging across Hierarchies                            ; Auto               ; Auto               ;
; Auto Clock Enable Replacement                                              ; On                 ; On                 ;
; Strict RAM Replacement                                                     ; Off                ; Off                ;
; Allow Synchronous Control Signals                                          ; On                 ; On                 ;
; Force Use of Synchronous Clear Signals                                     ; Off                ; Off                ;
; Auto RAM Block Balancing                                                   ; On                 ; On                 ;
; Auto RAM to Logic Cell Conversion                                          ; Off                ; Off                ;
; Auto Resource Sharing                                                      ; Off                ; Off                ;
; Allow Any RAM Size For Recognition                                         ; Off                ; Off                ;
; Allow Any ROM Size For Recognition                                         ; Off                ; Off                ;
; Allow Any Shift Register Size For Recognition                              ; Off                ; Off                ;
; Use LogicLock Constraints during Resource Balancing                        ; On                 ; On                 ;
; Ignore translate_off and synthesis_off directives                          ; Off                ; Off                ;
; Timing-Driven Synthesis                                                    ; On                 ; On                 ;
; Report Parameter Settings                                                  ; On                 ; On                 ;
; Report Source Assignments                                                  ; On                 ; On                 ;
; Report Connectivity Checks                                                 ; On                 ; On                 ;
; Ignore Maximum Fan-Out Assignments                                         ; Off                ; Off                ;
; Synchronization Register Chain Length                                      ; 2                  ; 2                  ;
; PowerPlay Power Optimization During Synthesis                              ; Normal compilation ; Normal compilation ;
; HDL message level                                                          ; Level2             ; Level2             ;
; Suppress Register Optimization Related Messages                            ; Off                ; Off                ;
; Number of Removed Registers Reported in Synthesis Report                   ; 5000               ; 5000               ;
; Number of Swept Nodes Reported in Synthesis Report                         ; 5000               ; 5000               ;
; Number of Inverted Registers Reported in Synthesis Report                  ; 100                ; 100                ;
; Clock MUX Protection                                                       ; On                 ; On                 ;
; Auto Gated Clock Conversion                                                ; Off                ; Off                ;
; Block Design Naming                                                        ; Auto               ; Auto               ;
; SDC constraint protection                                                  ; Off                ; Off                ;
; Synthesis Effort                                                           ; Auto               ; Auto               ;
; Shift Register Replacement - Allow Asynchronous Clear Signal               ; On                 ; On                 ;
; Pre-Mapping Resynthesis Optimization                                       ; Off                ; Off                ;
; Analysis & Synthesis Message Level                                         ; Medium             ; Medium             ;
; Disable Register Merging Across Hierarchies                                ; Auto               ; Auto               ;
; Resource Aware Inference For Block RAM                                     ; On                 ; On                 ;
; Synthesis Seed                                                             ; 1                  ; 1                  ;
+----------------------------------------------------------------------------+--------------------+--------------------+


Parallel compilation was disabled, but you have multiple processors available. Enable parallel compilation to reduce compilation time.
+-------------------------------------+
; Parallel Compilation                ;
+----------------------------+--------+
; Processors                 ; Number ;
+----------------------------+--------+
; Number detected on machine ; 8      ;
; Maximum allowed            ; 1      ;
+----------------------------+--------+


+--------------------------------------------------------------------------------------------------------------------------------------------------------------------------------------------------------------------------------------------------------+
; Analysis & Synthesis Source Files Read                                                                                                                                                                                                                 ;
+------------------------------------------+-----------------+-------------------------------------------------------+-------------------------------------------------------------------------------------------------------------------------+---------+
; File Name with User-Entered Path         ; Used in Netlist ; File Type                                             ; File Name with Absolute Path                                                                                            ; Library ;
+------------------------------------------+-----------------+-------------------------------------------------------+-------------------------------------------------------------------------------------------------------------------------+---------+
; top_ram.vhd                              ; yes             ; User VHDL File                                        ; C:/Users/Peter/Desktop/Senior_Design/97_altera_workspace/FaceDetectionFPGA/ram/top_ram.vhd                              ;         ;
; altsyncram.tdf                           ; yes             ; Megafunction                                          ; c:/altera/14.1/quartus/libraries/megafunctions/altsyncram.tdf                                                           ;         ;
; stratix_ram_block.inc                    ; yes             ; Megafunction                                          ; c:/altera/14.1/quartus/libraries/megafunctions/stratix_ram_block.inc                                                    ;         ;
; lpm_mux.inc                              ; yes             ; Megafunction                                          ; c:/altera/14.1/quartus/libraries/megafunctions/lpm_mux.inc                                                              ;         ;
; lpm_decode.inc                           ; yes             ; Megafunction                                          ; c:/altera/14.1/quartus/libraries/megafunctions/lpm_decode.inc                                                           ;         ;
; aglobal141.inc                           ; yes             ; Megafunction                                          ; c:/altera/14.1/quartus/libraries/megafunctions/aglobal141.inc                                                           ;         ;
; a_rdenreg.inc                            ; yes             ; Megafunction                                          ; c:/altera/14.1/quartus/libraries/megafunctions/a_rdenreg.inc                                                            ;         ;
; altrom.inc                               ; yes             ; Megafunction                                          ; c:/altera/14.1/quartus/libraries/megafunctions/altrom.inc                                                               ;         ;
; altram.inc                               ; yes             ; Megafunction                                          ; c:/altera/14.1/quartus/libraries/megafunctions/altram.inc                                                               ;         ;
; altdpram.inc                             ; yes             ; Megafunction                                          ; c:/altera/14.1/quartus/libraries/megafunctions/altdpram.inc                                                             ;         ;
; db/altsyncram_nii1.tdf                   ; yes             ; Auto-Generated Megafunction                           ; C:/Users/Peter/Desktop/Senior_Design/97_altera_workspace/FaceDetectionFPGA/ram/db/altsyncram_nii1.tdf                   ;         ;
; db/top_ram.ram0_top_ram_7042d6e4.hdl.mif ; yes             ; Auto-Generated Auto-Found Memory Initialization File  ; C:/Users/Peter/Desktop/Senior_Design/97_altera_workspace/FaceDetectionFPGA/ram/db/top_ram.ram0_top_ram_7042d6e4.hdl.mif ;         ;
+------------------------------------------+-----------------+-------------------------------------------------------+-------------------------------------------------------------------------------------------------------------------------+---------+


+--------------------------------------------------------+
; Analysis & Synthesis Resource Usage Summary            ;
+---------------------------------------------+----------+
; Resource                                    ; Usage    ;
+---------------------------------------------+----------+
;                                             ;          ;
; Total combinational functions               ; 0        ;
; Logic element usage by number of LUT inputs ;          ;
;     -- 4 input functions                    ; 0        ;
;     -- 3 input functions                    ; 0        ;
;     -- <=2 input functions                  ; 0        ;
;                                             ;          ;
; Logic elements by mode                      ;          ;
;     -- normal mode                          ; 0        ;
;     -- arithmetic mode                      ; 0        ;
;                                             ;          ;
; Total registers                             ; 0        ;
;     -- Dedicated logic registers            ; 0        ;
;     -- I/O registers                        ; 0        ;
;                                             ;          ;
; I/O pins                                    ; 60       ;
; Total memory bits                           ; 10368    ;
;                                             ;          ;
; Embedded Multiplier 9-bit elements          ; 0        ;
;                                             ;          ;
; Maximum fan-out node                        ; we~input ;
; Maximum fan-out                             ; 18       ;
; Total fan-out                               ; 528      ;
; Average fan-out                             ; 3.83     ;
+---------------------------------------------+----------+


+----------------------------------------------------------------------------------------------------------------------------------------------------------------------------------------------------------------------------------------+
; Analysis & Synthesis Resource Utilization by Entity                                                                                                                                                                                    ;
+----------------------------------------+-------------------+--------------+-------------+--------------+---------+-----------+------+--------------+--------------------------------------------------------------------+--------------+
; Compilation Hierarchy Node             ; LC Combinationals ; LC Registers ; Memory Bits ; DSP Elements ; DSP 9x9 ; DSP 18x18 ; Pins ; Virtual Pins ; Full Hierarchy Name                                                ; Library Name ;
+----------------------------------------+-------------------+--------------+-------------+--------------+---------+-----------+------+--------------+--------------------------------------------------------------------+--------------+
; |top_ram                               ; 0 (0)             ; 0 (0)        ; 10368       ; 0            ; 0       ; 0         ; 60   ; 0            ; |top_ram                                                           ; work         ;
;    |altsyncram:ram_block_rtl_0|        ; 0 (0)             ; 0 (0)        ; 10368       ; 0            ; 0       ; 0         ; 0    ; 0            ; |top_ram|altsyncram:ram_block_rtl_0                                ; work         ;
;       |altsyncram_nii1:auto_generated| ; 0 (0)             ; 0 (0)        ; 10368       ; 0            ; 0       ; 0         ; 0    ; 0            ; |top_ram|altsyncram:ram_block_rtl_0|altsyncram_nii1:auto_generated ; work         ;
+----------------------------------------+-------------------+--------------+-------------+--------------+---------+-----------+------+--------------+--------------------------------------------------------------------+--------------+
Note: For table entries with two numbers listed, the numbers in parentheses indicate the number of resources of the given type used by the specific entity alone. The numbers listed outside of parentheses indicate the total resources of the given type used by the specific entity and all of its sub-entities in the hierarchy.


+---------------------------------------------------------------------------------------------------------------------------------------------------------------------------------------------------------------+
; Analysis & Synthesis RAM Summary                                                                                                                                                                              ;
+----------------------------------------------------------------------+------+------------------+--------------+--------------+--------------+--------------+-------+------------------------------------------+
; Name                                                                 ; Type ; Mode             ; Port A Depth ; Port A Width ; Port B Depth ; Port B Width ; Size  ; MIF                                      ;
+----------------------------------------------------------------------+------+------------------+--------------+--------------+--------------+--------------+-------+------------------------------------------+
; altsyncram:ram_block_rtl_0|altsyncram_nii1:auto_generated|ALTSYNCRAM ; AUTO ; Simple Dual Port ; 576          ; 18           ; 576          ; 18           ; 10368 ; db/top_ram.ram0_top_ram_7042d6e4.hdl.mif ;
+----------------------------------------------------------------------+------+------------------+--------------+--------------+--------------+--------------+-------+------------------------------------------+


+------------------------------------------------------+
; General Register Statistics                          ;
+----------------------------------------------+-------+
; Statistic                                    ; Value ;
+----------------------------------------------+-------+
; Total registers                              ; 0     ;
; Number of registers using Synchronous Clear  ; 0     ;
; Number of registers using Synchronous Load   ; 0     ;
; Number of registers using Asynchronous Clear ; 0     ;
; Number of registers using Asynchronous Load  ; 0     ;
; Number of registers using Clock Enable       ; 0     ;
; Number of registers using Preset             ; 0     ;
+----------------------------------------------+-------+


+----------------------------------------------+
; Registers Packed Into Inferred Megafunctions ;
+---------------+-----------------+------------+
; Register Name ; Megafunction    ; Type       ;
+---------------+-----------------+------------+
; q[0]~reg0     ; ram_block_rtl_0 ; RAM        ;
; q[1]~reg0     ; ram_block_rtl_0 ; RAM        ;
; q[2]~reg0     ; ram_block_rtl_0 ; RAM        ;
; q[3]~reg0     ; ram_block_rtl_0 ; RAM        ;
; q[4]~reg0     ; ram_block_rtl_0 ; RAM        ;
; q[5]~reg0     ; ram_block_rtl_0 ; RAM        ;
; q[6]~reg0     ; ram_block_rtl_0 ; RAM        ;
; q[7]~reg0     ; ram_block_rtl_0 ; RAM        ;
; q[8]~reg0     ; ram_block_rtl_0 ; RAM        ;
; q[9]~reg0     ; ram_block_rtl_0 ; RAM        ;
; q[10]~reg0    ; ram_block_rtl_0 ; RAM        ;
; q[11]~reg0    ; ram_block_rtl_0 ; RAM        ;
; q[12]~reg0    ; ram_block_rtl_0 ; RAM        ;
; q[13]~reg0    ; ram_block_rtl_0 ; RAM        ;
; q[14]~reg0    ; ram_block_rtl_0 ; RAM        ;
; q[15]~reg0    ; ram_block_rtl_0 ; RAM        ;
; q[16]~reg0    ; ram_block_rtl_0 ; RAM        ;
; q[17]~reg0    ; ram_block_rtl_0 ; RAM        ;
+---------------+-----------------+------------+


+----------------------------------------------------------------------------------+
; Source assignments for altsyncram:ram_block_rtl_0|altsyncram_nii1:auto_generated ;
+---------------------------------+--------------------+------+--------------------+
; Assignment                      ; Value              ; From ; To                 ;
+---------------------------------+--------------------+------+--------------------+
; OPTIMIZE_POWER_DURING_SYNTHESIS ; NORMAL_COMPILATION ; -    ; -                  ;
+---------------------------------+--------------------+------+--------------------+


+-------------------------------------------------------------------------+
; Parameter Settings for User Entity Instance: Top-level Entity: |top_ram ;
+---------------------+--------------+------------------------------------+
; Parameter Name      ; Value        ; Type                               ;
+---------------------+--------------+------------------------------------+
; ADDR_WIDTH          ; 10           ; Signed Integer                     ;
; DATA_WIDTH          ; 18           ; Signed Integer                     ;
; MAX_PRELOAD_ADDRESS ; 575          ; Signed Integer                     ;
; MEM_FILE_NAME       ; fileName.txt ; String                             ;
+---------------------+--------------+------------------------------------+
Note: In order to hide this table in the UI and the text report file, please set the "Show Parameter Settings in Synthesis Report" option in "Analysis and Synthesis Settings -> More Settings" to "Off".


+------------------------------------------------------------------------------------------------+
; Parameter Settings for Inferred Entity Instance: altsyncram:ram_block_rtl_0                    ;
+------------------------------------+------------------------------------------+----------------+
; Parameter Name                     ; Value                                    ; Type           ;
+------------------------------------+------------------------------------------+----------------+
; BYTE_SIZE_BLOCK                    ; 8                                        ; Untyped        ;
; AUTO_CARRY_CHAINS                  ; ON                                       ; AUTO_CARRY     ;
; IGNORE_CARRY_BUFFERS               ; OFF                                      ; IGNORE_CARRY   ;
; AUTO_CASCADE_CHAINS                ; ON                                       ; AUTO_CASCADE   ;
; IGNORE_CASCADE_BUFFERS             ; OFF                                      ; IGNORE_CASCADE ;
; WIDTH_BYTEENA                      ; 1                                        ; Untyped        ;
; OPERATION_MODE                     ; DUAL_PORT                                ; Untyped        ;
; WIDTH_A                            ; 18                                       ; Untyped        ;
; WIDTHAD_A                          ; 10                                       ; Untyped        ;
; NUMWORDS_A                         ; 576                                      ; Untyped        ;
; OUTDATA_REG_A                      ; UNREGISTERED                             ; Untyped        ;
; ADDRESS_ACLR_A                     ; NONE                                     ; Untyped        ;
; OUTDATA_ACLR_A                     ; NONE                                     ; Untyped        ;
; WRCONTROL_ACLR_A                   ; NONE                                     ; Untyped        ;
; INDATA_ACLR_A                      ; NONE                                     ; Untyped        ;
; BYTEENA_ACLR_A                     ; NONE                                     ; Untyped        ;
; WIDTH_B                            ; 18                                       ; Untyped        ;
; WIDTHAD_B                          ; 10                                       ; Untyped        ;
; NUMWORDS_B                         ; 576                                      ; Untyped        ;
; INDATA_REG_B                       ; CLOCK1                                   ; Untyped        ;
; WRCONTROL_WRADDRESS_REG_B          ; CLOCK1                                   ; Untyped        ;
; RDCONTROL_REG_B                    ; CLOCK1                                   ; Untyped        ;
; ADDRESS_REG_B                      ; CLOCK1                                   ; Untyped        ;
; OUTDATA_REG_B                      ; UNREGISTERED                             ; Untyped        ;
; BYTEENA_REG_B                      ; CLOCK1                                   ; Untyped        ;
; INDATA_ACLR_B                      ; NONE                                     ; Untyped        ;
; WRCONTROL_ACLR_B                   ; NONE                                     ; Untyped        ;
; ADDRESS_ACLR_B                     ; NONE                                     ; Untyped        ;
; OUTDATA_ACLR_B                     ; NONE                                     ; Untyped        ;
; RDCONTROL_ACLR_B                   ; NONE                                     ; Untyped        ;
; BYTEENA_ACLR_B                     ; NONE                                     ; Untyped        ;
; WIDTH_BYTEENA_A                    ; 1                                        ; Untyped        ;
; WIDTH_BYTEENA_B                    ; 1                                        ; Untyped        ;
; RAM_BLOCK_TYPE                     ; AUTO                                     ; Untyped        ;
; BYTE_SIZE                          ; 8                                        ; Untyped        ;
; READ_DURING_WRITE_MODE_MIXED_PORTS ; DONT_CARE                                ; Untyped        ;
; READ_DURING_WRITE_MODE_PORT_A      ; NEW_DATA_NO_NBE_READ                     ; Untyped        ;
; READ_DURING_WRITE_MODE_PORT_B      ; NEW_DATA_NO_NBE_READ                     ; Untyped        ;
; INIT_FILE                          ; db/top_ram.ram0_top_ram_7042d6e4.hdl.mif ; Untyped        ;
; INIT_FILE_LAYOUT                   ; PORT_A                                   ; Untyped        ;
; MAXIMUM_DEPTH                      ; 0                                        ; Untyped        ;
; CLOCK_ENABLE_INPUT_A               ; NORMAL                                   ; Untyped        ;
; CLOCK_ENABLE_INPUT_B               ; NORMAL                                   ; Untyped        ;
; CLOCK_ENABLE_OUTPUT_A              ; NORMAL                                   ; Untyped        ;
; CLOCK_ENABLE_OUTPUT_B              ; NORMAL                                   ; Untyped        ;
; CLOCK_ENABLE_CORE_A                ; USE_INPUT_CLKEN                          ; Untyped        ;
; CLOCK_ENABLE_CORE_B                ; USE_INPUT_CLKEN                          ; Untyped        ;
; ENABLE_ECC                         ; FALSE                                    ; Untyped        ;
; ECC_PIPELINE_STAGE_ENABLED         ; FALSE                                    ; Untyped        ;
; WIDTH_ECCSTATUS                    ; 3                                        ; Untyped        ;
; DEVICE_FAMILY                      ; Cyclone IV E                             ; Untyped        ;
; CBXI_PARAMETER                     ; altsyncram_nii1                          ; Untyped        ;
+------------------------------------+------------------------------------------+----------------+
Note: In order to hide this table in the UI and the text report file, please set the "Show Parameter Settings in Synthesis Report" option in "Analysis and Synthesis Settings -> More Settings" to "Off".


+------------------------------------------------------------------------+
; altsyncram Parameter Settings by Entity Instance                       ;
+-------------------------------------------+----------------------------+
; Name                                      ; Value                      ;
+-------------------------------------------+----------------------------+
; Number of entity instances                ; 1                          ;
; Entity Instance                           ; altsyncram:ram_block_rtl_0 ;
;     -- OPERATION_MODE                     ; DUAL_PORT                  ;
;     -- WIDTH_A                            ; 18                         ;
;     -- NUMWORDS_A                         ; 576                        ;
;     -- OUTDATA_REG_A                      ; UNREGISTERED               ;
;     -- WIDTH_B                            ; 18                         ;
;     -- NUMWORDS_B                         ; 576                        ;
;     -- ADDRESS_REG_B                      ; CLOCK1                     ;
;     -- OUTDATA_REG_B                      ; UNREGISTERED               ;
;     -- RAM_BLOCK_TYPE                     ; AUTO                       ;
;     -- READ_DURING_WRITE_MODE_MIXED_PORTS ; DONT_CARE                  ;
+-------------------------------------------+----------------------------+


+-----------------------------------------------------+
; Post-Synthesis Netlist Statistics for Top Partition ;
+----------------------+------------------------------+
; Type                 ; Count                        ;
+----------------------+------------------------------+
; boundary_port        ; 60                           ;
; cycloneiii_ram_block ; 18                           ;
;                      ;                              ;
; Max LUT depth        ; 0.00                         ;
; Average LUT depth    ; 0.00                         ;
+----------------------+------------------------------+


+-------------------------------+
; Elapsed Time Per Partition    ;
+----------------+--------------+
; Partition Name ; Elapsed Time ;
+----------------+--------------+
; Top            ; 00:00:00     ;
+----------------+--------------+


+-------------------------------+
; Analysis & Synthesis Messages ;
+-------------------------------+
Info: *******************************************************************
Info: Running Quartus II 64-Bit Analysis & Synthesis
    Info: Version 14.1.0 Build 186 12/03/2014 SJ Web Edition
    Info: Processing started: Sat Nov 28 16:35:37 2015
Info: Command: quartus_map --read_settings_files=on --write_settings_files=off ram -c top_ram
Warning (20028): Parallel compilation is not licensed and has been disabled
Info (12021): Found 2 design units, including 1 entities, in source file top_ram.vhd
    Info (12022): Found design unit 1: top_ram-rtl
    Info (12023): Found entity 1: top_ram
Info (12021): Found 2 design units, including 1 entities, in source file tb_ram.vhd
    Info (12022): Found design unit 1: tb_ram-testbench
    Info (12023): Found entity 1: tb_ram
Info (12127): Elaborating entity "top_ram" for the top level hierarchy
Warning (276027): Inferred dual-clock RAM node "ram_block_rtl_0" from synchronous design logic.  The read-during-write behavior of a dual-clock RAM is undefined and may not match the behavior of the original design.
Info (19000): Inferred 1 megafunctions from design logic
    Info (276029): Inferred altsyncram megafunction from the following design logic: "ram_block_rtl_0" 
        Info (286033): Parameter OPERATION_MODE set to DUAL_PORT
        Info (286033): Parameter WIDTH_A set to 18
        Info (286033): Parameter WIDTHAD_A set to 10
        Info (286033): Parameter NUMWORDS_A set to 576
        Info (286033): Parameter WIDTH_B set to 18
        Info (286033): Parameter WIDTHAD_B set to 10
        Info (286033): Parameter NUMWORDS_B set to 576
        Info (286033): Parameter ADDRESS_ACLR_A set to NONE
        Info (286033): Parameter OUTDATA_REG_B set to UNREGISTERED
        Info (286033): Parameter ADDRESS_ACLR_B set to NONE
        Info (286033): Parameter OUTDATA_ACLR_B set to NONE
        Info (286033): Parameter ADDRESS_REG_B set to CLOCK1
        Info (286033): Parameter INDATA_ACLR_A set to NONE
        Info (286033): Parameter WRCONTROL_ACLR_A set to NONE
        Info (286033): Parameter INIT_FILE set to db/top_ram.ram0_top_ram_7042d6e4.hdl.mif
Info (12130): Elaborated megafunction instantiation "altsyncram:ram_block_rtl_0"
Info (12133): Instantiated megafunction "altsyncram:ram_block_rtl_0" with the following parameter:
    Info (12134): Parameter "OPERATION_MODE" = "DUAL_PORT"
    Info (12134): Parameter "WIDTH_A" = "18"
    Info (12134): Parameter "WIDTHAD_A" = "10"
    Info (12134): Parameter "NUMWORDS_A" = "576"
    Info (12134): Parameter "WIDTH_B" = "18"
    Info (12134): Parameter "WIDTHAD_B" = "10"
    Info (12134): Parameter "NUMWORDS_B" = "576"
    Info (12134): Parameter "ADDRESS_ACLR_A" = "NONE"
    Info (12134): Parameter "OUTDATA_REG_B" = "UNREGISTERED"
    Info (12134): Parameter "ADDRESS_ACLR_B" = "NONE"
    Info (12134): Parameter "OUTDATA_ACLR_B" = "NONE"
    Info (12134): Parameter "ADDRESS_REG_B" = "CLOCK1"
    Info (12134): Parameter "INDATA_ACLR_A" = "NONE"
    Info (12134): Parameter "WRCONTROL_ACLR_A" = "NONE"
    Info (12134): Parameter "INIT_FILE" = "db/top_ram.ram0_top_ram_7042d6e4.hdl.mif"
Info (12021): Found 1 design units, including 1 entities, in source file db/altsyncram_nii1.tdf
    Info (12023): Found entity 1: altsyncram_nii1
Info (16010): Generating hard_block partition "hard_block:auto_generated_inst"
    Info (16011): Adding 0 node(s), including 0 DDIO, 0 PLL, 0 transceiver and 0 LCELL
Info (21057): Implemented 78 device resources after synthesis - the final resource count might be different
    Info (21058): Implemented 42 input pins
    Info (21059): Implemented 18 output pins
    Info (21064): Implemented 18 RAM segments
Info: Quartus II 64-Bit Analysis & Synthesis was successful. 0 errors, 2 warnings
    Info: Peak virtual memory: 661 megabytes
    Info: Processing ended: Sat Nov 28 16:35:50 2015
    Info: Elapsed time: 00:00:13
    Info: Total CPU time (on all processors): 00:00:30


